2022-10-31 08:47:30.3611||INFO|LibraryMVC.Services.BookService|GetAll function was invoked! 
2022-10-31 09:54:04.1056||INFO|LibraryMVC.Services.BookService|GetAll function was invoked! 
2022-10-31 10:01:25.9799||INFO|LibraryMVC.Services.BookService|GetAll function was invoked! 
2022-10-31 10:10:31.2945||INFO|LibraryMVC.Services.BookService|GetAll function was invoked! 
2022-10-31 10:10:36.4053||INFO|LibraryMVC.Services.BookService|SelectListItem function was invoked! 
2022-10-31 10:10:51.0037||INFO|LibraryMVC.Services.BookService|SelectListItem function was invoked! 
2022-10-31 10:10:51.0037||INFO|LibraryMVC.Services.BookService|Add function was invoked! 
2022-10-31 10:10:51.3906||INFO|LibraryMVC.Services.BookService|GetAll function was invoked! 
2022-10-31 10:10:53.4199||INFO|LibraryMVC.Services.BookService|GetBookDtoById function was invoked! 
2022-10-31 10:10:54.9824||INFO|LibraryMVC.Services.BookService|Delete function was invoked! 
2022-10-31 10:10:55.0275||INFO|LibraryMVC.Services.BookService|GetAll function was invoked! 
2022-10-31 10:10:59.1609||INFO|LibraryMVC.Services.BookService|SelectListItem function was invoked! 
2022-10-31 10:11:19.0289||INFO|LibraryMVC.Services.BookService|SelectListItem function was invoked! 
2022-10-31 10:11:19.0289||INFO|LibraryMVC.Services.BookService|Add function was invoked! 
2022-10-31 10:11:19.0471||INFO|LibraryMVC.Services.BookService|GetAll function was invoked! 
2022-10-31 10:11:21.7845||INFO|LibraryMVC.Services.BookService|GetBookDtoById function was invoked! 
2022-10-31 10:11:22.8612||INFO|LibraryMVC.Services.BookService|GetAll function was invoked! 
2022-10-31 10:11:23.9186||INFO|LibraryMVC.Services.BookService|GetBookDtoById function was invoked! 
2022-10-31 10:11:24.5202||INFO|LibraryMVC.Services.BookService|Delete function was invoked! 
2022-10-31 10:11:24.5310||INFO|LibraryMVC.Services.BookService|GetAll function was invoked! 
2022-10-31 10:11:27.5422||INFO|LibraryMVC.Services.BookService|GetAll function was invoked! 
