2022-10-19 19:29:33.5551||INFO|LibraryMVC.Services.BookService|GetAll function was invoked! 
2022-10-19 19:29:41.5654||INFO|LibraryMVC.Services.BookService|SelectListItem function was invoked! 
2022-10-19 19:29:59.2404||INFO|LibraryMVC.Services.BookService|SelectListItem function was invoked! 
2022-10-19 19:29:59.2404||INFO|LibraryMVC.Services.BookService|Add function was invoked! 
2022-10-19 19:29:59.5722||INFO|LibraryMVC.Services.BookService|GetAll function was invoked! 
2022-10-19 19:30:02.4037||INFO|LibraryMVC.Services.BookService|GetBookDtoById function was invoked! 
2022-10-19 19:30:03.6430||INFO|LibraryMVC.Services.BookService|Delete function was invoked! 
2022-10-19 19:30:03.6757||INFO|LibraryMVC.Services.BookService|GetAll function was invoked! 
2022-10-19 19:44:30.2538||INFO|LibraryMVC.Services.BookService|GetAll function was invoked! 
2022-10-19 19:44:44.8465||INFO|LibraryMVC.Services.BookService|SelectListItem function was invoked! 
2022-10-19 19:44:44.8737||INFO|LibraryMVC.Services.BookService|GetBookDtoByIdEdit function was invoked! 
2022-10-19 19:44:46.6150||INFO|LibraryMVC.Services.BookService|SelectListItem function was invoked! 
2022-10-19 19:44:46.6150||INFO|LibraryMVC.Services.BookService|Edit function was invoked! 
2022-10-19 19:44:46.8550||INFO|LibraryMVC.Services.BookService|GetAll function was invoked! 
2022-10-19 19:44:49.5412||INFO|LibraryMVC.Services.BookService|GetBookDtoById function was invoked! 
2022-10-19 19:44:50.9632||INFO|LibraryMVC.Services.BookService|GetAll function was invoked! 
2022-10-19 19:44:53.2120||INFO|LibraryMVC.Services.BookService|SelectListItem function was invoked! 
2022-10-19 19:44:53.2120||INFO|LibraryMVC.Services.BookService|GetBookDtoByIdEdit function was invoked! 
2022-10-19 19:44:57.9996||INFO|LibraryMVC.Services.BookService|SelectListItem function was invoked! 
2022-10-19 19:44:57.9996||INFO|LibraryMVC.Services.BookService|GetBookDtoByIdEdit function was invoked! 
2022-10-19 19:45:03.5457||INFO|LibraryMVC.Services.BookService|SelectListItem function was invoked! 
2022-10-19 19:45:03.5457||INFO|LibraryMVC.Services.BookService|GetBookDtoByIdEdit function was invoked! 
2022-10-19 19:45:25.5687||INFO|LibraryMVC.Services.BookService|SelectListItem function was invoked! 
2022-10-19 19:45:25.5687||INFO|LibraryMVC.Services.BookService|Edit function was invoked! 
2022-10-19 19:46:40.6056||INFO|LibraryMVC.Services.BookService|GetAll function was invoked! 
2022-10-19 19:46:45.1079||INFO|LibraryMVC.Services.BookService|GetBookDtoById function was invoked! 
2022-10-19 19:46:49.1415||INFO|LibraryMVC.Services.BookService|GetBookDtoById function was invoked! 
2022-10-19 19:46:52.5475||INFO|LibraryMVC.Services.BookService|GetAll function was invoked! 
2022-10-19 19:57:44.6234||INFO|LibraryMVC.Services.BookService|GetAll function was invoked! 
2022-10-19 19:57:53.6639||INFO|LibraryMVC.Services.BookService|GetBookDtoById function was invoked! 
2022-10-19 19:57:58.2208||INFO|LibraryMVC.Services.BookService|GetBookDtoById function was invoked! 
2022-10-19 20:02:03.8383||INFO|LibraryMVC.Services.BookService|GetAll function was invoked! 
2022-10-19 20:02:08.8465||INFO|LibraryMVC.Services.BookService|SelectListItem function was invoked! 
2022-10-19 20:02:08.8791||INFO|LibraryMVC.Services.BookService|GetBookDtoByIdEdit function was invoked! 
2022-10-19 20:02:14.1336||INFO|LibraryMVC.Services.BookService|SelectListItem function was invoked! 
2022-10-19 20:02:14.1336||INFO|LibraryMVC.Services.BookService|GetBookDtoByIdEdit function was invoked! 
2022-10-19 20:02:14.3374||INFO|LibraryMVC.Services.BookService|GetAll function was invoked! 
