2022-10-25 12:59:31.7914||INFO|LibraryMVC.Services.BookService|GetAll function was invoked! 
2022-10-25 12:59:41.2644||INFO|LibraryMVC.Services.BookService|SelectListItem function was invoked! 
2022-10-25 12:59:41.2939||INFO|LibraryMVC.Services.BookService|GetBookDtoByIdEdit function was invoked! 
2022-10-25 12:59:47.4770||INFO|LibraryMVC.Services.BookService|SelectListItem function was invoked! 
2022-10-25 12:59:47.4770||INFO|LibraryMVC.Services.BookService|GetBookDtoByIdEdit function was invoked! 
2022-10-25 12:59:47.7183||INFO|LibraryMVC.Services.BookService|GetAll function was invoked! 
2022-10-25 13:04:56.5271||INFO|LibraryMVC.Services.BookService|GetAll function was invoked! 
2022-10-25 13:05:03.8572||INFO|LibraryMVC.Services.BookService|SelectListItem function was invoked! 
2022-10-25 13:05:03.8890||INFO|LibraryMVC.Services.BookService|GetBookDtoByIdEdit function was invoked! 
2022-10-25 13:05:07.6804||INFO|LibraryMVC.Services.BookService|SelectListItem function was invoked! 
2022-10-25 13:05:07.6804||INFO|LibraryMVC.Services.BookService|GetBookDtoByIdEdit function was invoked! 
2022-10-25 13:05:07.9134||INFO|LibraryMVC.Services.BookService|GetAll function was invoked! 
2022-10-25 13:05:50.1587||INFO|LibraryMVC.Services.BookService|GetAll function was invoked! 
2022-10-25 13:05:54.7335||INFO|LibraryMVC.Services.BookService|SelectListItem function was invoked! 
2022-10-25 13:05:54.7588||INFO|LibraryMVC.Services.BookService|GetBookDtoByIdEdit function was invoked! 
2022-10-25 13:05:57.4792||INFO|LibraryMVC.Services.BookService|SelectListItem function was invoked! 
2022-10-25 13:05:57.4792||INFO|LibraryMVC.Services.BookService|GetBookDtoByIdEdit function was invoked! 
2022-10-25 13:06:04.7631||INFO|LibraryMVC.Services.BookService|GetAll function was invoked! 
2022-10-25 13:07:56.7994||INFO|LibraryMVC.Services.BookService|GetAll function was invoked! 
2022-10-25 13:08:01.3507||INFO|LibraryMVC.Services.BookService|SelectListItem function was invoked! 
2022-10-25 13:08:01.3710||INFO|LibraryMVC.Services.BookService|GetBookDtoByIdEdit function was invoked! 
2022-10-25 13:08:06.4040||INFO|LibraryMVC.Services.BookService|SelectListItem function was invoked! 
2022-10-25 13:08:06.4040||INFO|LibraryMVC.Services.BookService|GetBookDtoByIdEdit function was invoked! 
2022-10-25 13:08:11.1610||INFO|LibraryMVC.Services.BookService|GetAll function was invoked! 
2022-10-25 13:17:18.3379||INFO|LibraryMVC.Services.BookService|GetAll function was invoked! 
2022-10-25 13:17:25.6121||INFO|LibraryMVC.Services.BookService|SelectListItem function was invoked! 
2022-10-25 13:31:05.2380||INFO|LibraryMVC.Services.BookService|GetAll function was invoked! 
2022-10-25 13:31:14.6675||INFO|LibraryMVC.Services.BookService|SelectListItem function was invoked! 
2022-10-25 13:31:36.7414||INFO|LibraryMVC.Services.BookService|SelectListItem function was invoked! 
2022-10-25 13:53:51.2752||INFO|LibraryMVC.Services.BookService|GetAll function was invoked! 
2022-10-25 13:54:30.7915||INFO|LibraryMVC.Services.BookService|SelectListItem function was invoked! 
2022-10-25 13:54:52.8261||INFO|LibraryMVC.Services.BookService|SelectListItem function was invoked! 
2022-10-25 13:54:57.7052||INFO|LibraryMVC.Services.BookService|Add function was invoked! 
2022-10-25 13:54:58.0582||INFO|LibraryMVC.Services.BookService|GetAll function was invoked! 
2022-10-25 13:55:13.4658||INFO|LibraryMVC.Services.BookService|SelectListItem function was invoked! 
2022-10-25 13:55:29.5574||INFO|LibraryMVC.Services.BookService|SelectListItem function was invoked! 
2022-10-25 14:03:11.9607||INFO|LibraryMVC.Services.BookService|GetAll function was invoked! 
2022-10-25 14:03:16.8205||INFO|LibraryMVC.Services.BookService|SelectListItem function was invoked! 
2022-10-25 14:03:34.1305||INFO|LibraryMVC.Services.BookService|SelectListItem function was invoked! 
2022-10-25 14:05:19.8726||INFO|LibraryMVC.Services.BookService|GetAll function was invoked! 
2022-10-25 14:05:25.9238||INFO|LibraryMVC.Services.BookService|SelectListItem function was invoked! 
2022-10-25 14:05:40.7737||INFO|LibraryMVC.Services.BookService|SelectListItem function was invoked! 
2022-10-25 14:07:14.1174||INFO|LibraryMVC.Services.BookService|Add function was invoked! 
2022-10-25 14:07:14.5062||INFO|LibraryMVC.Services.BookService|GetAll function was invoked! 
2022-10-25 14:14:27.3054||INFO|LibraryMVC.Services.BookService|GetAll function was invoked! 
2022-10-25 14:14:32.5920||INFO|LibraryMVC.Services.BookService|SelectListItem function was invoked! 
2022-10-25 14:14:50.7761||INFO|LibraryMVC.Services.BookService|SelectListItem function was invoked! 
2022-10-25 14:14:50.7761||INFO|LibraryMVC.Services.BookService|Add function was invoked! 
2022-10-25 14:14:51.1221||INFO|LibraryMVC.Services.BookService|GetAll function was invoked! 
2022-10-25 14:17:02.9411||INFO|LibraryMVC.Services.BookService|GetAll function was invoked! 
2022-10-25 14:17:07.5366||INFO|LibraryMVC.Services.BookService|GetBookDtoById function was invoked! 
2022-10-25 14:17:16.7859||INFO|LibraryMVC.Services.BookService|GetBookDtoById function was invoked! 
2022-10-25 14:41:37.2098||INFO|LibraryMVC.Services.BookService|GetAll function was invoked! 
2022-10-25 14:41:45.0204||INFO|LibraryMVC.Services.BookService|GetBookDtoById function was invoked! 
2022-10-25 14:43:46.9730||INFO|LibraryMVC.Services.BookService|GetBookDtoById function was invoked! 
2022-10-25 14:44:14.7190||INFO|LibraryMVC.Services.BookService|GetAll function was invoked! 
2022-10-25 14:44:23.8578||INFO|LibraryMVC.Services.BookService|GetBookDtoById function was invoked! 
2022-10-25 14:58:31.0060||INFO|LibraryMVC.Services.BookService|GetAll function was invoked! 
2022-10-25 14:58:35.7915||INFO|LibraryMVC.Services.BookService|SelectListItem function was invoked! 
2022-10-25 14:58:35.8300||INFO|LibraryMVC.Services.BookService|GetBookDtoByIdEdit function was invoked! 
2022-10-25 14:58:39.7366||INFO|LibraryMVC.Services.BookService|GetBookDtoById function was invoked! 
2022-10-25 15:01:09.6129||INFO|LibraryMVC.Services.BookService|GetBookDtoById function was invoked! 
2022-10-25 15:05:25.9514||INFO|LibraryMVC.Services.BookService|GetAll function was invoked! 
2022-10-25 15:05:33.0886||INFO|LibraryMVC.Services.BookService|GetBookDtoById function was invoked! 
2022-10-25 15:07:54.8313||INFO|LibraryMVC.Services.BookService|GetBookDtoById function was invoked! 
2022-10-25 15:09:11.8387||INFO|LibraryMVC.Services.BookService|GetAll function was invoked! 
2022-10-25 15:09:16.7832||INFO|LibraryMVC.Services.BookService|GetBookDtoById function was invoked! 
2022-10-25 15:10:43.6580||INFO|LibraryMVC.Services.BookService|GetAll function was invoked! 
2022-10-25 15:10:48.0912||INFO|LibraryMVC.Services.BookService|GetBookDtoById function was invoked! 
2022-10-25 15:10:51.2158||INFO|LibraryMVC.Services.BookService|GetBookDtoById function was invoked! 
2022-10-25 15:11:07.2864||INFO|LibraryMVC.Services.BookService|GetBookDtoById function was invoked! 
2022-10-25 15:14:30.0544||INFO|LibraryMVC.Services.BookService|GetAll function was invoked! 
2022-10-25 15:14:43.6727||INFO|LibraryMVC.Services.BookService|SelectListItem function was invoked! 
2022-10-25 15:15:00.2445||INFO|LibraryMVC.Services.BookService|SelectListItem function was invoked! 
2022-10-25 15:15:00.2445||INFO|LibraryMVC.Services.BookService|Add function was invoked! 
2022-10-25 15:15:00.6073||INFO|LibraryMVC.Services.BookService|GetAll function was invoked! 
2022-10-25 15:15:03.7150||INFO|LibraryMVC.Services.BookService|GetBookDtoById function was invoked! 
2022-10-25 15:15:11.9036||INFO|LibraryMVC.Services.BookService|GetBookDtoById function was invoked! 
2022-10-25 15:15:27.1219||INFO|LibraryMVC.Services.BookService|GetAll function was invoked! 
2022-10-25 15:15:28.3230||INFO|LibraryMVC.Services.BookService|GetBookDtoById function was invoked! 
2022-10-25 15:16:47.7868||INFO|LibraryMVC.Services.BookService|GetAll function was invoked! 
2022-10-25 15:16:56.7392||INFO|LibraryMVC.Services.BookService|GetBookDtoById function was invoked! 
2022-10-25 15:19:44.3790||INFO|LibraryMVC.Services.BookService|GetAll function was invoked! 
2022-10-25 15:19:50.2381||INFO|LibraryMVC.Services.BookService|SelectListItem function was invoked! 
2022-10-25 15:20:10.6328||INFO|LibraryMVC.Services.BookService|SelectListItem function was invoked! 
2022-10-25 15:20:10.6328||INFO|LibraryMVC.Services.BookService|Add function was invoked! 
2022-10-25 15:20:10.9924||INFO|LibraryMVC.Services.BookService|GetAll function was invoked! 
2022-10-25 15:20:12.9253||INFO|LibraryMVC.Services.BookService|GetBookDtoById function was invoked! 
2022-10-25 15:21:06.2859||INFO|LibraryMVC.Services.BookService|GetAll function was invoked! 
2022-10-25 15:21:11.7641||INFO|LibraryMVC.Services.BookService|SelectListItem function was invoked! 
2022-10-25 15:21:28.1350||INFO|LibraryMVC.Services.BookService|SelectListItem function was invoked! 
2022-10-25 15:21:28.1350||INFO|LibraryMVC.Services.BookService|Add function was invoked! 
2022-10-25 15:21:28.5006||INFO|LibraryMVC.Services.BookService|GetAll function was invoked! 
2022-10-25 15:21:31.3724||INFO|LibraryMVC.Services.BookService|GetBookDtoById function was invoked! 
2022-10-25 15:22:19.1740||INFO|LibraryMVC.Services.BookService|GetBookDtoById function was invoked! 
2022-10-25 15:22:30.1744||INFO|LibraryMVC.Services.BookService|GetBookDtoById function was invoked! 
2022-10-25 15:22:41.3362||INFO|LibraryMVC.Services.BookService|GetBookDtoById function was invoked! 
2022-10-25 15:22:42.8551||INFO|LibraryMVC.Services.BookService|GetBookDtoById function was invoked! 
2022-10-25 15:22:46.6994||INFO|LibraryMVC.Services.BookService|GetBookDtoById function was invoked! 
2022-10-25 15:23:13.1165||INFO|LibraryMVC.Services.BookService|GetBookDtoById function was invoked! 
2022-10-25 15:24:03.2561||INFO|LibraryMVC.Services.BookService|GetBookDtoById function was invoked! 
2022-10-25 15:24:22.1869||INFO|LibraryMVC.Services.BookService|GetBookDtoById function was invoked! 
2022-10-25 15:24:40.4035||INFO|LibraryMVC.Services.BookService|GetBookDtoById function was invoked! 
2022-10-25 15:25:05.6544||INFO|LibraryMVC.Services.BookService|GetBookDtoById function was invoked! 
2022-10-25 15:25:25.1445||INFO|LibraryMVC.Services.BookService|GetBookDtoById function was invoked! 
2022-10-25 15:25:39.2504||INFO|LibraryMVC.Services.BookService|GetBookDtoById function was invoked! 
2022-10-25 15:29:43.8324||INFO|LibraryMVC.Services.BookService|GetBookDtoById function was invoked! 
2022-10-25 15:30:42.3327||INFO|LibraryMVC.Services.BookService|GetBookDtoById function was invoked! 
2022-10-25 15:30:56.7627||INFO|LibraryMVC.Services.BookService|GetBookDtoById function was invoked! 
2022-10-25 15:34:11.4397||INFO|LibraryMVC.Services.BookService|GetBookDtoById function was invoked! 
2022-10-25 15:34:43.8620||INFO|LibraryMVC.Services.BookService|GetBookDtoById function was invoked! 
2022-10-25 15:36:07.4244||INFO|LibraryMVC.Services.BookService|GetBookDtoById function was invoked! 
2022-10-25 15:36:17.5506||INFO|LibraryMVC.Services.BookService|GetBookDtoById function was invoked! 
2022-10-25 15:38:10.0047||INFO|LibraryMVC.Services.BookService|GetBookDtoById function was invoked! 
2022-10-25 15:38:12.9295||INFO|LibraryMVC.Services.BookService|GetBookDtoById function was invoked! 
2022-10-25 15:38:51.1758||INFO|LibraryMVC.Services.BookService|GetBookDtoById function was invoked! 
2022-10-25 15:38:53.0234||INFO|LibraryMVC.Services.BookService|GetBookDtoById function was invoked! 
2022-10-25 15:38:53.6680||INFO|LibraryMVC.Services.BookService|GetBookDtoById function was invoked! 
2022-10-25 15:39:48.6468||INFO|LibraryMVC.Services.BookService|GetAll function was invoked! 
2022-10-25 15:39:53.9473||INFO|LibraryMVC.Services.BookService|GetBookDtoById function was invoked! 
2022-10-25 15:40:30.9182||INFO|LibraryMVC.Services.BookService|GetBookDtoById function was invoked! 
2022-10-25 15:40:31.8149||INFO|LibraryMVC.Services.BookService|GetBookDtoById function was invoked! 
2022-10-25 15:44:07.8929||INFO|LibraryMVC.Services.BookService|GetBookDtoById function was invoked! 
2022-10-25 15:44:09.4079||INFO|LibraryMVC.Services.BookService|GetBookDtoById function was invoked! 
2022-10-25 15:46:59.4334||INFO|LibraryMVC.Services.BookService|GetBookDtoById function was invoked! 
2022-10-25 15:47:19.6510||INFO|LibraryMVC.Services.BookService|GetBookDtoById function was invoked! 
2022-10-25 15:47:30.2590||INFO|LibraryMVC.Services.BookService|GetBookDtoById function was invoked! 
2022-10-25 15:49:07.3496||INFO|LibraryMVC.Services.BookService|GetBookDtoById function was invoked! 
2022-10-25 15:50:57.2920||INFO|LibraryMVC.Services.BookService|GetBookDtoById function was invoked! 
2022-10-25 15:52:03.1167||INFO|LibraryMVC.Services.BookService|GetBookDtoById function was invoked! 
2022-10-25 15:52:37.6310||INFO|LibraryMVC.Services.BookService|GetBookDtoById function was invoked! 
2022-10-25 15:52:54.0517||INFO|LibraryMVC.Services.BookService|GetBookDtoById function was invoked! 
2022-10-25 15:52:59.2462||INFO|LibraryMVC.Services.BookService|GetBookDtoById function was invoked! 
2022-10-25 15:53:16.3769||INFO|LibraryMVC.Services.BookService|GetBookDtoById function was invoked! 
2022-10-25 15:53:49.8754||INFO|LibraryMVC.Services.BookService|GetBookDtoById function was invoked! 
2022-10-25 15:58:15.6678||INFO|LibraryMVC.Services.BookService|GetAll function was invoked! 
2022-10-25 15:58:20.0329||INFO|LibraryMVC.Services.BookService|SelectListItem function was invoked! 
2022-10-25 15:58:56.0038||INFO|LibraryMVC.Services.BookService|SelectListItem function was invoked! 
2022-10-25 15:58:56.0038||INFO|LibraryMVC.Services.BookService|Add function was invoked! 
2022-10-25 15:58:56.3663||INFO|LibraryMVC.Services.BookService|GetAll function was invoked! 
2022-10-25 15:59:04.7643||INFO|LibraryMVC.Services.BookService|GetBookDtoById function was invoked! 
2022-10-25 16:00:07.3698||INFO|LibraryMVC.Services.BookService|GetAll function was invoked! 
2022-10-25 16:00:08.7105||INFO|LibraryMVC.Services.BookService|SelectListItem function was invoked! 
2022-10-25 16:00:10.5216||INFO|LibraryMVC.Services.BookService|SelectListItem function was invoked! 
2022-10-25 16:00:49.2670||INFO|LibraryMVC.Services.BookService|SelectListItem function was invoked! 
2022-10-25 16:00:51.1131||INFO|LibraryMVC.Services.BookService|SelectListItem function was invoked! 
2022-10-25 16:01:28.6289||INFO|LibraryMVC.Services.BookService|SelectListItem function was invoked! 
2022-10-25 16:02:03.3084||INFO|LibraryMVC.Services.BookService|SelectListItem function was invoked! 
2022-10-25 16:02:03.3084||INFO|LibraryMVC.Services.BookService|Add function was invoked! 
2022-10-25 16:02:03.3257||INFO|LibraryMVC.Services.BookService|GetAll function was invoked! 
2022-10-25 16:02:06.1950||INFO|LibraryMVC.Services.BookService|GetBookDtoById function was invoked! 
2022-10-25 16:02:15.3360||INFO|LibraryMVC.Services.BookService|GetAll function was invoked! 
2022-10-25 16:03:55.5519||INFO|LibraryMVC.Services.BookService|GetAll function was invoked! 
2022-10-25 16:04:00.4488||INFO|LibraryMVC.Services.BookService|SelectListItem function was invoked! 
2022-10-25 16:04:00.4728||INFO|LibraryMVC.Services.BookService|GetBookDtoByIdEdit function was invoked! 
2022-10-25 16:04:26.8143||INFO|LibraryMVC.Services.BookService|GetBookDtoById function was invoked! 
2022-10-25 16:08:49.1397||INFO|LibraryMVC.Services.BookService|GetBookDtoById function was invoked! 
2022-10-25 16:08:57.0155||INFO|LibraryMVC.Services.BookService|GetAll function was invoked! 
2022-10-25 16:09:00.0736||INFO|LibraryMVC.Services.BookService|GetBookDtoById function was invoked! 
2022-10-25 16:09:03.9131||INFO|LibraryMVC.Services.BookService|GetBookDtoById function was invoked! 
2022-10-25 16:09:16.8679||INFO|LibraryMVC.Services.BookService|Delete function was invoked! 
2022-10-25 16:09:17.0520||INFO|LibraryMVC.Services.BookService|GetAll function was invoked! 
2022-10-25 16:09:18.9690||INFO|LibraryMVC.Services.BookService|GetBookDtoById function was invoked! 
2022-10-25 16:09:20.5465||INFO|LibraryMVC.Services.BookService|Delete function was invoked! 
2022-10-25 16:09:20.5540||INFO|LibraryMVC.Services.BookService|GetAll function was invoked! 
2022-10-25 16:10:10.6018||INFO|LibraryMVC.Services.BookService|SelectListItem function was invoked! 
2022-10-25 16:10:27.9424||INFO|LibraryMVC.Services.BookService|SelectListItem function was invoked! 
2022-10-25 16:10:27.9424||INFO|LibraryMVC.Services.BookService|Add function was invoked! 
2022-10-25 16:10:28.0361||INFO|LibraryMVC.Services.BookService|GetAll function was invoked! 
2022-10-25 16:10:29.5821||INFO|LibraryMVC.Services.BookService|GetBookDtoById function was invoked! 
2022-10-25 16:10:31.8154||INFO|LibraryMVC.Services.BookService|GetBookDtoById function was invoked! 
2022-10-25 16:10:34.5921||INFO|LibraryMVC.Services.BookService|GetBookDtoById function was invoked! 
2022-10-25 16:10:39.9958||INFO|LibraryMVC.Services.BookService|SelectListItem function was invoked! 
2022-10-25 16:10:39.9958||INFO|LibraryMVC.Services.BookService|GetBookDtoByIdEdit function was invoked! 
2022-10-25 16:16:43.8773||INFO|LibraryMVC.Services.BookService|GetAll function was invoked! 
2022-10-25 16:16:48.3070||INFO|LibraryMVC.Services.BookService|SelectListItem function was invoked! 
2022-10-25 16:16:55.3304||INFO|LibraryMVC.Services.BookService|SelectListItem function was invoked! 
2022-10-25 16:17:39.5050||INFO|LibraryMVC.Services.BookService|SelectListItem function was invoked! 
2022-10-25 16:17:39.5050||INFO|LibraryMVC.Services.BookService|Add function was invoked! 
2022-10-25 16:17:39.8352||INFO|LibraryMVC.Services.BookService|GetAll function was invoked! 
2022-10-25 16:17:41.2869||INFO|LibraryMVC.Services.BookService|GetBookDtoById function was invoked! 
2022-10-25 16:17:46.7053||INFO|LibraryMVC.Services.BookService|GetBookDtoById function was invoked! 
2022-10-25 16:19:43.6171||INFO|LibraryMVC.Services.BookService|GetAll function was invoked! 
2022-10-25 16:19:50.1783||INFO|LibraryMVC.Services.BookService|GetBookDtoById function was invoked! 
2022-10-25 16:19:51.7538||INFO|LibraryMVC.Services.BookService|Delete function was invoked! 
2022-10-25 16:19:51.9689||INFO|LibraryMVC.Services.BookService|GetAll function was invoked! 
2022-10-25 16:19:54.3977||INFO|LibraryMVC.Services.BookService|GetBookDtoById function was invoked! 
2022-10-25 16:19:55.6962||INFO|LibraryMVC.Services.BookService|Delete function was invoked! 
2022-10-25 16:19:55.6962||INFO|LibraryMVC.Services.BookService|GetAll function was invoked! 
2022-10-25 16:43:16.0724||INFO|LibraryMVC.Services.BookService|GetAll function was invoked! 
2022-10-25 16:43:20.6357||INFO|LibraryMVC.Services.BookService|SelectListItem function was invoked! 
2022-10-25 16:43:39.2420||INFO|LibraryMVC.Services.BookService|SelectListItem function was invoked! 
2022-10-25 16:43:39.2420||INFO|LibraryMVC.Services.BookService|Add function was invoked! 
2022-10-25 16:43:39.6289||INFO|LibraryMVC.Services.BookService|GetAll function was invoked! 
2022-10-25 16:43:41.1036||INFO|LibraryMVC.Services.BookService|GetBookDtoById function was invoked! 
2022-10-25 16:43:56.2720||INFO|LibraryMVC.Services.BookService|SelectListItem function was invoked! 
2022-10-25 16:43:56.2729||INFO|LibraryMVC.Services.BookService|GetBookDtoByIdEdit function was invoked! 
2022-10-25 16:46:39.8281||INFO|LibraryMVC.Services.BookService|GetAll function was invoked! 
2022-10-25 16:46:44.6417||INFO|LibraryMVC.Services.BookService|SelectListItem function was invoked! 
2022-10-25 16:46:44.6614||INFO|LibraryMVC.Services.BookService|GetBookDtoByIdEdit function was invoked! 
2022-10-25 16:47:02.1255||INFO|LibraryMVC.Services.BookService|SelectListItem function was invoked! 
2022-10-25 16:47:02.1255||INFO|LibraryMVC.Services.BookService|Edit function was invoked! 
2022-10-25 16:47:02.3479||INFO|LibraryMVC.Services.BookService|GetAll function was invoked! 
2022-10-25 16:47:03.8804||INFO|LibraryMVC.Services.BookService|GetBookDtoById function was invoked! 
2022-10-25 16:47:20.5015||INFO|LibraryMVC.Services.BookService|GetBookDtoById function was invoked! 
2022-10-25 16:47:22.7125||INFO|LibraryMVC.Services.BookService|GetBookDtoById function was invoked! 
2022-10-25 16:47:26.0330||INFO|LibraryMVC.Services.BookService|Delete function was invoked! 
2022-10-25 16:47:26.0643||INFO|LibraryMVC.Services.BookService|GetAll function was invoked! 
2022-10-25 16:47:27.4535||INFO|LibraryMVC.Services.BookService|SelectListItem function was invoked! 
2022-10-25 16:47:38.9381||INFO|LibraryMVC.Services.BookService|SelectListItem function was invoked! 
2022-10-25 16:47:44.5243||INFO|LibraryMVC.Services.BookService|SelectListItem function was invoked! 
2022-10-25 16:47:44.5243||INFO|LibraryMVC.Services.BookService|Add function was invoked! 
2022-10-25 16:47:44.6027||INFO|LibraryMVC.Services.BookService|GetAll function was invoked! 
2022-10-25 16:47:52.6505||INFO|LibraryMVC.Services.BookService|GetBookDtoById function was invoked! 
2022-10-25 16:57:41.9683||INFO|LibraryMVC.Services.BookService|GetBookDtoById function was invoked! 
2022-10-25 16:57:51.4577||INFO|LibraryMVC.Services.BookService|GetAll function was invoked! 
2022-10-25 16:57:53.4162||INFO|LibraryMVC.Services.BookService|GetBookDtoById function was invoked! 
2022-10-25 16:57:55.7826||INFO|LibraryMVC.Services.BookService|SelectListItem function was invoked! 
2022-10-25 16:57:55.8081||INFO|LibraryMVC.Services.BookService|GetBookDtoByIdEdit function was invoked! 
2022-10-25 16:58:06.5479||INFO|LibraryMVC.Services.BookService|SelectListItem function was invoked! 
2022-10-25 16:58:06.5479||INFO|LibraryMVC.Services.BookService|Edit function was invoked! 
2022-10-25 16:58:06.7157||INFO|LibraryMVC.Services.BookService|GetAll function was invoked! 
2022-10-25 16:58:08.2980||INFO|LibraryMVC.Services.BookService|GetBookDtoById function was invoked! 
2022-10-25 16:58:11.8680||INFO|LibraryMVC.Services.BookService|GetBookDtoById function was invoked! 
2022-10-25 16:58:16.5560||INFO|LibraryMVC.Services.BookService|SelectListItem function was invoked! 
2022-10-25 16:58:16.5560||INFO|LibraryMVC.Services.BookService|GetBookDtoByIdEdit function was invoked! 
2022-10-25 16:58:27.4127||INFO|LibraryMVC.Services.BookService|SelectListItem function was invoked! 
2022-10-25 16:58:27.4132||INFO|LibraryMVC.Services.BookService|Edit function was invoked! 
2022-10-25 16:58:27.4132||INFO|LibraryMVC.Services.BookService|GetAll function was invoked! 
2022-10-25 16:59:29.4474||INFO|LibraryMVC.Services.BookService|GetAll function was invoked! 
2022-10-25 16:59:34.0934||INFO|LibraryMVC.Services.BookService|SelectListItem function was invoked! 
2022-10-25 16:59:34.1151||INFO|LibraryMVC.Services.BookService|GetBookDtoByIdEdit function was invoked! 
2022-10-25 16:59:37.3455||INFO|LibraryMVC.Services.BookService|SelectListItem function was invoked! 
2022-10-25 16:59:37.3455||INFO|LibraryMVC.Services.BookService|Edit function was invoked! 
2022-10-25 16:59:37.5777||INFO|LibraryMVC.Services.BookService|GetAll function was invoked! 
2022-10-25 17:05:21.1166||INFO|LibraryMVC.Services.BookService|GetAll function was invoked! 
2022-10-25 17:05:26.0678||INFO|LibraryMVC.Services.BookService|SelectListItem function was invoked! 
2022-10-25 17:05:26.0893||INFO|LibraryMVC.Services.BookService|GetBookDtoByIdEdit function was invoked! 
2022-10-25 17:05:32.3290||INFO|LibraryMVC.Services.BookService|SelectListItem function was invoked! 
2022-10-25 17:05:32.3290||INFO|LibraryMVC.Services.BookService|Edit function was invoked! 
2022-10-25 17:05:50.4805||INFO|LibraryMVC.Services.BookService|GetAll function was invoked! 
2022-10-25 17:05:54.8294||INFO|LibraryMVC.Services.BookService|SelectListItem function was invoked! 
2022-10-25 17:05:54.8294||INFO|LibraryMVC.Services.BookService|GetBookDtoByIdEdit function was invoked! 
2022-10-25 17:05:58.3244||INFO|LibraryMVC.Services.BookService|SelectListItem function was invoked! 
2022-10-25 17:05:58.3244||INFO|LibraryMVC.Services.BookService|Edit function was invoked! 
2022-10-25 17:06:25.2265||INFO|LibraryMVC.Services.BookService|GetAll function was invoked! 
2022-10-25 17:06:29.7890||INFO|LibraryMVC.Services.BookService|SelectListItem function was invoked! 
2022-10-25 17:06:29.7890||INFO|LibraryMVC.Services.BookService|GetBookDtoByIdEdit function was invoked! 
2022-10-25 17:06:32.6620||INFO|LibraryMVC.Services.BookService|SelectListItem function was invoked! 
2022-10-25 17:06:32.6626||INFO|LibraryMVC.Services.BookService|Edit function was invoked! 
2022-10-25 17:06:35.9106||INFO|LibraryMVC.Services.BookService|GetAll function was invoked! 
2022-10-25 17:06:50.4390||INFO|LibraryMVC.Services.BookService|SelectListItem function was invoked! 
2022-10-25 17:06:50.4390||INFO|LibraryMVC.Services.BookService|GetBookDtoByIdEdit function was invoked! 
2022-10-25 17:07:08.9366||INFO|LibraryMVC.Services.BookService|SelectListItem function was invoked! 
2022-10-25 17:07:08.9366||INFO|LibraryMVC.Services.BookService|Edit function was invoked! 
2022-10-25 17:08:38.1384||INFO|LibraryMVC.Services.BookService|GetAll function was invoked! 
2022-10-25 17:08:42.9642||INFO|LibraryMVC.Services.BookService|SelectListItem function was invoked! 
2022-10-25 17:08:42.9885||INFO|LibraryMVC.Services.BookService|GetBookDtoByIdEdit function was invoked! 
2022-10-25 17:08:48.7167||INFO|LibraryMVC.Services.BookService|SelectListItem function was invoked! 
2022-10-25 17:08:48.7167||INFO|LibraryMVC.Services.BookService|Edit function was invoked! 
2022-10-25 17:13:12.2396||INFO|LibraryMVC.Services.BookService|GetAll function was invoked! 
2022-10-25 17:13:14.5873||INFO|LibraryMVC.Services.BookService|GetAll function was invoked! 
2022-10-25 17:13:17.6733||INFO|LibraryMVC.Services.BookService|SelectListItem function was invoked! 
2022-10-25 17:13:17.6932||INFO|LibraryMVC.Services.BookService|GetBookDtoByIdEdit function was invoked! 
2022-10-25 17:13:24.8623||INFO|LibraryMVC.Services.BookService|SelectListItem function was invoked! 
2022-10-25 17:13:24.8623||INFO|LibraryMVC.Services.BookService|Edit function was invoked! 
2022-10-25 19:38:17.2411||INFO|LibraryMVC.Services.BookService|GetAll function was invoked! 
2022-10-25 19:38:28.0165||INFO|LibraryMVC.Services.BookService|GetBookDtoById function was invoked! 
2022-10-25 19:38:29.6105||INFO|LibraryMVC.Services.BookService|Delete function was invoked! 
2022-10-25 19:38:29.8335||INFO|LibraryMVC.Services.BookService|GetAll function was invoked! 
2022-10-25 19:41:20.1808||INFO|LibraryMVC.Services.BookService|SelectListItem function was invoked! 
2022-10-25 19:41:36.6939||INFO|LibraryMVC.Services.BookService|SelectListItem function was invoked! 
2022-10-25 19:41:36.6939||INFO|LibraryMVC.Services.BookService|Add function was invoked! 
2022-10-25 19:41:36.7882||INFO|LibraryMVC.Services.BookService|GetAll function was invoked! 
2022-10-25 19:41:39.8511||INFO|LibraryMVC.Services.BookService|SelectListItem function was invoked! 
2022-10-25 19:41:39.8511||INFO|LibraryMVC.Services.BookService|GetBookDtoByIdEdit function was invoked! 
2022-10-25 19:41:46.4933||INFO|LibraryMVC.Services.BookService|SelectListItem function was invoked! 
2022-10-25 19:41:46.4933||INFO|LibraryMVC.Services.BookService|Edit function was invoked! 
2022-10-25 19:48:36.8280||INFO|LibraryMVC.Services.BookService|GetAll function was invoked! 
2022-10-25 19:48:46.0808||INFO|LibraryMVC.Services.BookService|GetBookDtoById function was invoked! 
2022-10-25 19:48:48.1548||INFO|LibraryMVC.Services.BookService|Delete function was invoked! 
2022-10-25 19:48:48.3684||INFO|LibraryMVC.Services.BookService|GetAll function was invoked! 
2022-10-25 19:50:39.8772||INFO|LibraryMVC.Services.BookService|GetAll function was invoked! 
2022-10-25 19:50:59.5467||INFO|LibraryMVC.Services.BookService|SelectListItem function was invoked! 
2022-10-25 19:51:14.7388||INFO|LibraryMVC.Services.BookService|SelectListItem function was invoked! 
2022-10-25 19:51:14.7403||INFO|LibraryMVC.Services.BookService|Add function was invoked! 
2022-10-25 19:51:15.0929||INFO|LibraryMVC.Services.BookService|GetAll function was invoked! 
2022-10-25 19:51:37.3253||INFO|LibraryMVC.Services.BookService|SelectListItem function was invoked! 
2022-10-25 19:51:37.3253||INFO|LibraryMVC.Services.BookService|GetBookDtoByIdEdit function was invoked! 
2022-10-25 19:51:43.9831||INFO|LibraryMVC.Services.BookService|SelectListItem function was invoked! 
2022-10-25 19:51:47.4401||INFO|LibraryMVC.Services.BookService|Edit function was invoked! 
2022-10-25 19:52:33.4757||ERROR|LibraryMVC.Middleware.ErrorHandlingMiddleware|The instance of entity type 'Book' cannot be tracked because another instance with the same key value for {'Id'} is already being tracked. When attaching existing entities, ensure that only one entity instance with a given key value is attached. Consider using 'DbContextOptionsBuilder.EnableSensitiveDataLogging' to see the conflicting key values. System.InvalidOperationException: The instance of entity type 'Book' cannot be tracked because another instance with the same key value for {'Id'} is already being tracked. When attaching existing entities, ensure that only one entity instance with a given key value is attached. Consider using 'DbContextOptionsBuilder.EnableSensitiveDataLogging' to see the conflicting key values.
   at Microsoft.EntityFrameworkCore.ChangeTracking.Internal.IdentityMap`1.ThrowIdentityConflict(InternalEntityEntry entry)
   at Microsoft.EntityFrameworkCore.ChangeTracking.Internal.IdentityMap`1.Add(TKey key, InternalEntityEntry entry, Boolean updateDuplicate)
   at Microsoft.EntityFrameworkCore.ChangeTracking.Internal.StateManager.StartTracking(InternalEntityEntry entry)
   at Microsoft.EntityFrameworkCore.ChangeTracking.Internal.InternalEntityEntry.SetEntityState(EntityState oldState, EntityState newState, Boolean acceptChanges, Boolean modifyProperties)
   at Microsoft.EntityFrameworkCore.ChangeTracking.Internal.EntityGraphAttacher.PaintAction(EntityEntryGraphNode`1 node)
   at Microsoft.EntityFrameworkCore.ChangeTracking.Internal.EntityEntryGraphIterator.TraverseGraph[TState](EntityEntryGraphNode`1 node, Func`2 handleNode)
   at Microsoft.EntityFrameworkCore.ChangeTracking.Internal.EntityGraphAttacher.AttachGraph(InternalEntityEntry rootEntry, EntityState targetState, EntityState storeGeneratedWithKeySetTargetState, Boolean forceStateWhenUnknownKey)
   at Microsoft.EntityFrameworkCore.Internal.InternalDbSet`1.Update(TEntity entity)
   at LibraryMVC.Services.BookService.Edit(EditBookDto dto) in C:\C#\LibraryMVC\LibraryMVC\Services\BookService.cs:line 113
   at LibraryMVC.Controllers.BookController.Edit(EditBookDto dto) in C:\C#\LibraryMVC\LibraryMVC\Controllers\BookController.cs:line 102
   at lambda_method264(Closure , Object , Object[] )
   at Microsoft.AspNetCore.Mvc.Infrastructure.ActionMethodExecutor.SyncActionResultExecutor.Execute(IActionResultTypeMapper mapper, ObjectMethodExecutor executor, Object controller, Object[] arguments)
   at Microsoft.AspNetCore.Mvc.Infrastructure.ControllerActionInvoker.InvokeActionMethodAsync()
   at Microsoft.AspNetCore.Mvc.Infrastructure.ControllerActionInvoker.Next(State& next, Scope& scope, Object& state, Boolean& isCompleted)
   at Microsoft.AspNetCore.Mvc.Infrastructure.ControllerActionInvoker.InvokeNextActionFilterAsync()
--- End of stack trace from previous location ---
   at Microsoft.AspNetCore.Mvc.Infrastructure.ControllerActionInvoker.Rethrow(ActionExecutedContextSealed context)
   at Microsoft.AspNetCore.Mvc.Infrastructure.ControllerActionInvoker.Next(State& next, Scope& scope, Object& state, Boolean& isCompleted)
   at Microsoft.AspNetCore.Mvc.Infrastructure.ControllerActionInvoker.<InvokeInnerFilterAsync>g__Awaited|13_0(ControllerActionInvoker invoker, Task lastTask, State next, Scope scope, Object state, Boolean isCompleted)
   at Microsoft.AspNetCore.Mvc.Infrastructure.ResourceInvoker.<InvokeNextResourceFilter>g__Awaited|25_0(ResourceInvoker invoker, Task lastTask, State next, Scope scope, Object state, Boolean isCompleted)
   at Microsoft.AspNetCore.Mvc.Infrastructure.ResourceInvoker.Rethrow(ResourceExecutedContextSealed context)
   at Microsoft.AspNetCore.Mvc.Infrastructure.ResourceInvoker.Next(State& next, Scope& scope, Object& state, Boolean& isCompleted)
   at Microsoft.AspNetCore.Mvc.Infrastructure.ResourceInvoker.<InvokeFilterPipelineAsync>g__Awaited|20_0(ResourceInvoker invoker, Task lastTask, State next, Scope scope, Object state, Boolean isCompleted)
   at Microsoft.AspNetCore.Mvc.Infrastructure.ResourceInvoker.<InvokeAsync>g__Awaited|17_0(ResourceInvoker invoker, Task task, IDisposable scope)
   at Microsoft.AspNetCore.Mvc.Infrastructure.ResourceInvoker.<InvokeAsync>g__Awaited|17_0(ResourceInvoker invoker, Task task, IDisposable scope)
   at Microsoft.AspNetCore.Routing.EndpointMiddleware.<Invoke>g__AwaitRequestTask|6_0(Endpoint endpoint, Task requestTask, ILogger logger)
   at Microsoft.AspNetCore.Authorization.AuthorizationMiddleware.Invoke(HttpContext context)
   at LibraryMVC.Middleware.ErrorHandlingMiddleware.InvokeAsync(HttpContext context, RequestDelegate next) in C:\C#\LibraryMVC\LibraryMVC\Middleware\ErrorHandlingMiddleware.cs:line 17
2022-10-25 19:52:40.7083||INFO|LibraryMVC.Services.BookService|SelectListItem function was invoked! 
2022-10-25 19:52:40.7083||INFO|LibraryMVC.Services.BookService|GetBookDtoByIdEdit function was invoked! 
2022-10-25 19:54:41.9858||INFO|LibraryMVC.Services.BookService|GetAll function was invoked! 
2022-10-25 19:54:46.8658||INFO|LibraryMVC.Services.BookService|SelectListItem function was invoked! 
2022-10-25 19:55:00.2033||INFO|LibraryMVC.Services.BookService|SelectListItem function was invoked! 
2022-10-25 19:55:00.2033||INFO|LibraryMVC.Services.BookService|Add function was invoked! 
2022-10-25 19:55:00.5756||INFO|LibraryMVC.Services.BookService|GetAll function was invoked! 
2022-10-25 19:55:05.7821||INFO|LibraryMVC.Services.BookService|SelectListItem function was invoked! 
2022-10-25 19:55:05.7821||INFO|LibraryMVC.Services.BookService|GetBookDtoByIdEdit function was invoked! 
2022-10-25 19:58:10.7614||INFO|LibraryMVC.Services.BookService|GetAll function was invoked! 
2022-10-25 19:58:17.2100||INFO|LibraryMVC.Services.BookService|SelectListItem function was invoked! 
2022-10-25 19:58:35.0060||INFO|LibraryMVC.Services.BookService|SelectListItem function was invoked! 
2022-10-25 19:58:35.0076||INFO|LibraryMVC.Services.BookService|Add function was invoked! 
2022-10-25 19:58:35.3853||INFO|LibraryMVC.Services.BookService|GetAll function was invoked! 
2022-10-25 19:58:38.5482||INFO|LibraryMVC.Services.BookService|SelectListItem function was invoked! 
2022-10-25 19:58:38.5482||INFO|LibraryMVC.Services.BookService|GetBookDtoByIdEdit function was invoked! 
2022-10-25 19:58:48.4702||INFO|LibraryMVC.Services.BookService|SelectListItem function was invoked! 
2022-10-25 19:58:48.4702||INFO|LibraryMVC.Services.BookService|Edit function was invoked! 
2022-10-25 19:59:52.2306||INFO|LibraryMVC.Services.BookService|GetAll function was invoked! 
2022-10-25 19:59:54.8389||INFO|LibraryMVC.Services.BookService|GetBookDtoById function was invoked! 
2022-10-25 19:59:58.2172||INFO|LibraryMVC.Services.BookService|SelectListItem function was invoked! 
2022-10-25 19:59:58.2172||INFO|LibraryMVC.Services.BookService|GetBookDtoByIdEdit function was invoked! 
2022-10-25 20:00:04.6490||INFO|LibraryMVC.Services.BookService|SelectListItem function was invoked! 
2022-10-25 20:00:04.6490||INFO|LibraryMVC.Services.BookService|Edit function was invoked! 
2022-10-25 20:00:43.6961||INFO|LibraryMVC.Services.BookService|GetAll function was invoked! 
2022-10-25 20:00:45.2065||INFO|LibraryMVC.Services.BookService|GetBookDtoById function was invoked! 
2022-10-25 20:00:47.1844||INFO|LibraryMVC.Services.BookService|GetAll function was invoked! 
2022-10-25 20:00:55.6983||INFO|LibraryMVC.Services.BookService|SelectListItem function was invoked! 
2022-10-25 20:00:55.6983||INFO|LibraryMVC.Services.BookService|GetBookDtoByIdEdit function was invoked! 
2022-10-25 20:04:58.3636||INFO|LibraryMVC.Services.BookService|GetAll function was invoked! 
2022-10-25 20:05:06.9426||INFO|LibraryMVC.Services.BookService|GetBookDtoById function was invoked! 
2022-10-25 20:05:09.7475||INFO|LibraryMVC.Services.BookService|GetAll function was invoked! 
2022-10-25 20:05:11.2072||INFO|LibraryMVC.Services.BookService|SelectListItem function was invoked! 
2022-10-25 20:05:11.2285||INFO|LibraryMVC.Services.BookService|GetBookDtoByIdEdit function was invoked! 
2022-10-25 20:05:59.4944||INFO|LibraryMVC.Services.BookService|SelectListItem function was invoked! 
2022-10-25 20:06:10.5299||INFO|LibraryMVC.Services.BookService|Edit function was invoked! 
2022-10-25 20:06:54.2894||INFO|LibraryMVC.Services.BookService|GetAll function was invoked! 
2022-10-25 20:07:09.1613||INFO|LibraryMVC.Services.BookService|GetBookDtoById function was invoked! 
2022-10-25 20:07:10.2287||INFO|LibraryMVC.Services.BookService|Delete function was invoked! 
2022-10-25 20:07:10.2614||INFO|LibraryMVC.Services.BookService|GetAll function was invoked! 
2022-10-25 20:07:11.1689||INFO|LibraryMVC.Services.BookService|GetBookDtoById function was invoked! 
2022-10-25 20:07:12.3225||INFO|LibraryMVC.Services.BookService|Delete function was invoked! 
2022-10-25 20:07:12.3225||INFO|LibraryMVC.Services.BookService|GetAll function was invoked! 
2022-10-25 20:07:17.0125||INFO|LibraryMVC.Services.BookService|GetBookDtoById function was invoked! 
2022-10-25 20:07:18.0007||INFO|LibraryMVC.Services.BookService|Delete function was invoked! 
2022-10-25 20:07:18.0083||INFO|LibraryMVC.Services.BookService|GetAll function was invoked! 
2022-10-25 20:08:46.1009||INFO|LibraryMVC.Services.BookService|GetAll function was invoked! 
2022-10-25 20:08:51.5792||INFO|LibraryMVC.Services.BookService|SelectListItem function was invoked! 
2022-10-25 20:09:20.2446||INFO|LibraryMVC.Services.BookService|SelectListItem function was invoked! 
2022-10-25 20:09:20.2446||INFO|LibraryMVC.Services.BookService|Add function was invoked! 
2022-10-25 20:09:20.6000||INFO|LibraryMVC.Services.BookService|GetAll function was invoked! 
2022-10-25 20:09:24.4650||INFO|LibraryMVC.Services.BookService|SelectListItem function was invoked! 
2022-10-25 20:09:24.4650||INFO|LibraryMVC.Services.BookService|GetBookDtoByIdEdit function was invoked! 
2022-10-25 20:09:42.4332||INFO|LibraryMVC.Services.BookService|SelectListItem function was invoked! 
2022-10-25 20:09:46.2579||INFO|LibraryMVC.Services.BookService|Edit function was invoked! 
2022-10-25 20:09:55.9553||INFO|LibraryMVC.Services.BookService|GetAll function was invoked! 
2022-10-25 20:09:59.5738||INFO|LibraryMVC.Services.BookService|GetBookDtoById function was invoked! 
2022-10-25 20:10:03.0085||INFO|LibraryMVC.Services.BookService|GetAll function was invoked! 
2022-10-25 20:10:04.8398||INFO|LibraryMVC.Services.BookService|SelectListItem function was invoked! 
2022-10-25 20:10:04.8398||INFO|LibraryMVC.Services.BookService|GetBookDtoByIdEdit function was invoked! 
2022-10-25 20:10:16.4525||INFO|LibraryMVC.Services.BookService|SelectListItem function was invoked! 
2022-10-25 20:10:16.4525||INFO|LibraryMVC.Services.BookService|Edit function was invoked! 
2022-10-25 20:10:23.1294||INFO|LibraryMVC.Services.BookService|GetAll function was invoked! 
2022-10-25 20:10:24.9035||INFO|LibraryMVC.Services.BookService|GetBookDtoById function was invoked! 
2022-10-25 20:10:26.8165||INFO|LibraryMVC.Services.BookService|GetAll function was invoked! 
2022-10-25 20:10:32.3550||INFO|LibraryMVC.Services.BookService|GetBookDtoById function was invoked! 
2022-10-25 20:10:33.6295||INFO|LibraryMVC.Services.BookService|Delete function was invoked! 
2022-10-25 20:10:33.6552||INFO|LibraryMVC.Services.BookService|GetAll function was invoked! 
