2022-11-05 10:10:18.6786||INFO|LibraryMVC.Services.BookService|GetAll function was invoked! 
2022-11-05 10:49:17.4114||INFO|LibraryMVC.Services.BookService|GetAll function was invoked! 
2022-11-05 10:49:21.9190||INFO|LibraryMVC.Services.BookService|GetAll function was invoked! 
2022-11-05 10:49:52.1409||INFO|LibraryMVC.Services.BookService|GetAll function was invoked! 
2022-11-05 10:50:50.9527||INFO|LibraryMVC.Services.BookService|GetAll function was invoked! 
2022-11-05 10:51:15.0376||INFO|LibraryMVC.Services.BookService|GetAll function was invoked! 
2022-11-05 10:53:55.1106||INFO|LibraryMVC.Services.BookService|GetAll function was invoked! 
2022-11-05 10:54:34.0772||INFO|LibraryMVC.Services.BookService|GetAll function was invoked! 
2022-11-05 10:54:36.4302||INFO|LibraryMVC.Services.BookService|GetAll function was invoked! 
2022-11-05 10:55:04.2823||INFO|LibraryMVC.Services.BookService|GetAll function was invoked! 
2022-11-05 10:55:05.8354||INFO|LibraryMVC.Services.BookService|GetAll function was invoked! 
2022-11-05 10:55:06.9998||INFO|LibraryMVC.Services.BookService|SelectListItem function was invoked! 
2022-11-05 10:55:25.1403||INFO|LibraryMVC.Services.BookService|SelectListItem function was invoked! 
2022-11-05 10:55:25.1403||INFO|LibraryMVC.Services.BookService|Add function was invoked! 
2022-11-05 10:55:25.2590||INFO|LibraryMVC.Services.BookService|GetAll function was invoked! 
2022-11-05 10:55:27.6050||INFO|LibraryMVC.Services.BookService|GetBookDtoById function was invoked! 
2022-11-05 10:55:29.2112||INFO|LibraryMVC.Services.BookService|GetAll function was invoked! 
2022-11-05 10:57:32.9996||INFO|LibraryMVC.Services.BookService|GetAll function was invoked! 
2022-11-05 10:59:09.7115||INFO|LibraryMVC.Services.BookService|GetAll function was invoked! 
2022-11-05 10:59:49.1936||INFO|LibraryMVC.Services.BookService|GetAll function was invoked! 
2022-11-05 11:02:12.1176||INFO|LibraryMVC.Services.BookService|GetAll function was invoked! 
2022-11-05 11:02:33.3920||INFO|LibraryMVC.Services.BookService|GetAll function was invoked! 
2022-11-05 11:02:38.1249||INFO|LibraryMVC.Services.BookService|GetAll function was invoked! 
2022-11-05 11:03:10.4630||INFO|LibraryMVC.Services.BookService|GetAll function was invoked! 
2022-11-05 11:03:19.3758||INFO|LibraryMVC.Services.BookService|GetAll function was invoked! 
2022-11-05 11:03:21.6840||INFO|LibraryMVC.Services.BookService|GetBookDtoById function was invoked! 
2022-11-05 11:03:22.8761||INFO|LibraryMVC.Services.BookService|Delete function was invoked! 
2022-11-05 11:03:23.0324||INFO|LibraryMVC.Services.BookService|GetAll function was invoked! 
2022-11-05 11:03:25.9552||INFO|LibraryMVC.Services.BookService|GetAll function was invoked! 
2022-11-05 11:03:33.6016||INFO|LibraryMVC.Services.BookService|GetAll function was invoked! 
2022-11-05 11:03:35.6478||INFO|LibraryMVC.Services.BookService|GetAll function was invoked! 
2022-11-05 15:44:35.7991||INFO|LibraryMVC.Services.BookService|GetAll function was invoked! 
2022-11-05 15:50:51.3088||INFO|LibraryMVC.Services.BookService|GetAll function was invoked! 
2022-11-05 15:51:15.4091||INFO|LibraryMVC.Services.BookService|GetAll function was invoked! 
2022-11-05 15:51:17.9915||INFO|LibraryMVC.Services.BookService|GetAll function was invoked! 
2022-11-05 15:51:25.3059||INFO|LibraryMVC.Services.BookService|GetAll function was invoked! 
2022-11-05 15:51:33.8508||INFO|LibraryMVC.Services.BookService|GetAll function was invoked! 
2022-11-05 15:51:36.1114||INFO|LibraryMVC.Services.BookService|GetAll function was invoked! 
2022-11-05 16:28:26.7343||INFO|LibraryMVC.Services.BookService|GetAll function was invoked! 
2022-11-05 16:28:32.3438||INFO|LibraryMVC.Services.BookService|GetAll function was invoked! 
2022-11-05 16:28:33.1081||INFO|LibraryMVC.Services.BookService|GetAll function was invoked! 
2022-11-05 16:28:34.9297||INFO|LibraryMVC.Services.BookService|GetAll function was invoked! 
2022-11-05 16:28:36.2660||INFO|LibraryMVC.Services.BookService|GetAll function was invoked! 
2022-11-05 16:28:37.7434||INFO|LibraryMVC.Services.BookService|GetAll function was invoked! 
2022-11-05 16:28:45.3244||INFO|LibraryMVC.Services.BookService|GetAll function was invoked! 
2022-11-05 16:28:46.7785||INFO|LibraryMVC.Services.BookService|SelectListItem function was invoked! 
2022-11-05 16:29:07.4132||INFO|LibraryMVC.Services.BookService|SelectListItem function was invoked! 
2022-11-05 16:29:07.4132||INFO|LibraryMVC.Services.BookService|Add function was invoked! 
2022-11-05 16:29:07.5449||INFO|LibraryMVC.Services.BookService|GetAll function was invoked! 
2022-11-05 16:29:10.2102||INFO|LibraryMVC.Services.BookService|GetAll function was invoked! 
2022-11-05 16:29:41.9662||INFO|LibraryMVC.Services.BookService|GetAll function was invoked! 
2022-11-05 16:29:43.8306||INFO|LibraryMVC.Services.BookService|GetBookDtoById function was invoked! 
2022-11-05 16:38:20.0250||INFO|LibraryMVC.Services.BookService|GetAll function was invoked! 
2022-11-05 16:38:25.6271||INFO|LibraryMVC.Services.BookService|GetBookDtoById function was invoked! 
2022-11-05 16:42:01.0546||INFO|LibraryMVC.Services.BookService|GetAll function was invoked! 
2022-11-05 16:42:05.2822||INFO|LibraryMVC.Services.BookService|GetBookDtoById function was invoked! 
2022-11-05 16:44:58.8134||INFO|LibraryMVC.Services.BookService|GetAll function was invoked! 
2022-11-05 16:45:03.4475||INFO|LibraryMVC.Services.BookService|GetBookDtoById function was invoked! 
2022-11-05 16:46:50.0330||INFO|LibraryMVC.Services.BookService|GetAll function was invoked! 
2022-11-05 16:46:54.2556||INFO|LibraryMVC.Services.BookService|GetBookDtoById function was invoked! 
2022-11-05 16:52:41.4332||INFO|LibraryMVC.Services.BookService|GetAll function was invoked! 
2022-11-05 16:52:46.3283||INFO|LibraryMVC.Services.BookService|GetBookDtoById function was invoked! 
2022-11-05 16:54:52.2263||INFO|LibraryMVC.Services.BookService|GetAll function was invoked! 
2022-11-05 16:54:56.5332||INFO|LibraryMVC.Services.BookService|GetBookDtoById function was invoked! 
2022-11-05 16:56:32.2910||INFO|LibraryMVC.Services.BookService|GetAll function was invoked! 
2022-11-05 16:56:38.3959||INFO|LibraryMVC.Services.BookService|GetBookDtoById function was invoked! 
2022-11-05 17:12:30.9184||INFO|LibraryMVC.Services.BookService|GetAll function was invoked! 
2022-11-05 17:25:10.6371||INFO|LibraryMVC.Services.BookService|GetAll function was invoked! 
2022-11-05 17:25:19.1267||INFO|LibraryMVC.Services.BookService|GetBookDtoById function was invoked! 
2022-11-05 17:27:38.0190||INFO|LibraryMVC.Services.BookService|GetAll function was invoked! 
2022-11-05 17:27:41.3443||INFO|LibraryMVC.Services.BookService|GetBookDtoById function was invoked! 
2022-11-05 17:27:50.2514||INFO|LibraryMVC.Services.BookService|GetBookDtoById function was invoked! 
2022-11-05 17:28:51.5207||INFO|LibraryMVC.Services.BookService|GetAll function was invoked! 
2022-11-05 17:28:55.7153||INFO|LibraryMVC.Services.BookService|GetBookDtoById function was invoked! 
2022-11-05 17:29:18.2040||INFO|LibraryMVC.Services.BookService|GetAll function was invoked! 
2022-11-05 17:29:19.3559||INFO|LibraryMVC.Services.BookService|GetBookDtoById function was invoked! 
2022-11-05 17:51:51.4222||INFO|LibraryMVC.Services.BookService|GetAll function was invoked! 
2022-11-05 17:51:59.3855||INFO|LibraryMVC.Services.BookService|GetBookDtoById function was invoked! 
2022-11-05 17:52:01.5705||INFO|LibraryMVC.Services.BookService|GetAll function was invoked! 
2022-11-05 17:52:17.0513||INFO|LibraryMVC.Services.BookService|GetAll function was invoked! 
2022-11-05 17:53:15.1197||INFO|LibraryMVC.Services.BookService|GetAll function was invoked! 
2022-11-05 17:53:16.9461||INFO|LibraryMVC.Services.BookService|GetAll function was invoked! 
2022-11-05 17:53:22.2052||INFO|LibraryMVC.Services.BookService|GetAll function was invoked! 
2022-11-05 17:53:25.3434||INFO|LibraryMVC.Services.BookService|GetAll function was invoked! 
2022-11-05 17:53:43.7370||INFO|LibraryMVC.Services.BookService|GetBookDtoById function was invoked! 
2022-11-05 17:53:45.6973||INFO|LibraryMVC.Services.BookService|GetAll function was invoked! 
2022-11-05 17:54:05.4775||INFO|LibraryMVC.Services.BookService|GetAll function was invoked! 
2022-11-05 17:54:23.6614||INFO|LibraryMVC.Services.BookService|GetAll function was invoked! 
2022-11-05 17:54:24.6873||INFO|LibraryMVC.Services.BookService|GetAll function was invoked! 
2022-11-05 17:54:26.0049||INFO|LibraryMVC.Services.BookService|GetAll function was invoked! 
2022-11-05 17:54:27.3183||INFO|LibraryMVC.Services.BookService|GetAll function was invoked! 
2022-11-05 17:59:35.7545||INFO|LibraryMVC.Services.BookService|GetAll function was invoked! 
2022-11-05 17:59:56.7079||INFO|LibraryMVC.Services.BookService|GetAll function was invoked! 
2022-11-05 18:00:00.2311||INFO|LibraryMVC.Services.BookService|GetAll function was invoked! 
2022-11-05 18:01:55.2504||INFO|LibraryMVC.Services.BookService|GetAll function was invoked! 
2022-11-05 18:02:06.7856||INFO|LibraryMVC.Services.BookService|GetAll function was invoked! 
2022-11-05 18:02:09.2877||INFO|LibraryMVC.Services.BookService|GetAll function was invoked! 
2022-11-05 18:02:25.1776||INFO|LibraryMVC.Services.BookService|GetAll function was invoked! 
2022-11-05 18:02:26.1708||INFO|LibraryMVC.Services.BookService|GetAll function was invoked! 
2022-11-05 18:02:28.0364||INFO|LibraryMVC.Services.BookService|GetBookDtoById function was invoked! 
2022-11-05 18:05:28.9661||INFO|LibraryMVC.Services.BookService|GetAll function was invoked! 
2022-11-05 18:05:35.3580||INFO|LibraryMVC.Services.BookService|GetAll function was invoked! 
2022-11-05 18:06:03.5314||INFO|LibraryMVC.Services.BookService|GetAll function was invoked! 
2022-11-05 18:06:06.9798||INFO|LibraryMVC.Services.BookService|SelectListItem function was invoked! 
2022-11-05 18:06:23.7736||INFO|LibraryMVC.Services.BookService|SelectListItem function was invoked! 
2022-11-05 18:06:23.7736||INFO|LibraryMVC.Services.BookService|Add function was invoked! 
2022-11-05 18:06:23.8877||INFO|LibraryMVC.Services.BookService|GetAll function was invoked! 
2022-11-05 18:06:27.7271||INFO|LibraryMVC.Services.BookService|GetAll function was invoked! 
2022-11-05 18:06:36.2005||INFO|LibraryMVC.Services.BookService|GetAll function was invoked! 
2022-11-05 18:06:37.9678||INFO|LibraryMVC.Services.BookService|GetAll function was invoked! 
2022-11-05 18:07:23.3138||INFO|LibraryMVC.Services.BookService|GetAll function was invoked! 
2022-11-05 18:07:25.5026||INFO|LibraryMVC.Services.BookService|GetBookDtoById function was invoked! 
2022-11-05 18:08:36.3068||INFO|LibraryMVC.Services.BookService|GetAll function was invoked! 
2022-11-05 18:08:40.7513||INFO|LibraryMVC.Services.BookService|GetBookDtoById function was invoked! 
2022-11-05 18:11:59.4928||INFO|LibraryMVC.Services.BookService|GetAll function was invoked! 
2022-11-05 18:12:01.1891||INFO|LibraryMVC.Services.BookService|GetBookDtoById function was invoked! 
2022-11-05 18:12:21.6848||INFO|LibraryMVC.Services.BookService|GetAll function was invoked! 
2022-11-05 18:12:26.6553||INFO|LibraryMVC.Services.BookService|GetBookDtoById function was invoked! 
2022-11-05 18:12:34.6681||INFO|LibraryMVC.Services.BookService|GetAll function was invoked! 
2022-11-05 18:13:00.8905||INFO|LibraryMVC.Services.BookService|GetAll function was invoked! 
2022-11-05 18:13:06.2961||INFO|LibraryMVC.Services.BookService|GetAll function was invoked! 
2022-11-05 18:13:14.8088||INFO|LibraryMVC.Services.BookService|GetAll function was invoked! 
2022-11-05 18:13:28.0564||INFO|LibraryMVC.Services.BookService|GetAll function was invoked! 
2022-11-05 18:31:43.0159||INFO|LibraryMVC.Services.BookService|GetAll function was invoked! 
2022-11-05 18:32:23.0961||INFO|LibraryMVC.Services.BookService|GetAll function was invoked! 
2022-11-05 18:33:09.6122||INFO|LibraryMVC.Services.BookService|GetAll function was invoked! 
2022-11-05 18:41:24.7866||INFO|LibraryMVC.Services.BookService|GetAll function was invoked! 
2022-11-05 20:01:07.6565||INFO|LibraryMVC.Services.BookService|GetAll function was invoked! 
2022-11-05 20:33:57.0778||INFO|LibraryMVC.Services.BookService|GetAll function was invoked! 
2022-11-05 21:03:30.6847||INFO|LibraryMVC.Services.BookService|GetAll function was invoked! 
2022-11-05 21:03:44.3363||INFO|LibraryMVC.Services.BookService|GetAll function was invoked! 
2022-11-05 21:14:33.1423||INFO|LibraryMVC.Services.BookService|GetAll function was invoked! 
2022-11-05 21:14:47.5324||INFO|LibraryMVC.Services.BookService|GetAll function was invoked! 
2022-11-05 22:06:27.5260||INFO|LibraryMVC.Services.BookService|GetAll function was invoked! 
2022-11-05 22:06:33.0160||INFO|LibraryMVC.Services.BookService|GetBookDtoById function was invoked! 
2022-11-05 22:07:22.8239||INFO|LibraryMVC.Services.BookService|GetAll function was invoked! 
2022-11-05 22:07:24.8303||INFO|LibraryMVC.Services.BookService|GetBookDtoById function was invoked! 
2022-11-05 22:07:27.3996||INFO|LibraryMVC.Services.BookService|GetAll function was invoked! 
