2022-11-04 09:05:26.7356||INFO|LibraryMVC.Services.BookService|GetAll function was invoked! 
2022-11-04 09:09:57.2937||INFO|LibraryMVC.Services.BookService|GetAll function was invoked! 
2022-11-04 09:13:02.4719||INFO|LibraryMVC.Services.BookService|GetAll function was invoked! 
2022-11-04 09:15:25.7230||INFO|LibraryMVC.Services.BookService|GetAll function was invoked! 
2022-11-04 09:15:57.9969||INFO|LibraryMVC.Services.BookService|GetAll function was invoked! 
2022-11-04 09:16:00.9957||INFO|LibraryMVC.Services.BookService|GetAll function was invoked! 
2022-11-04 09:16:13.8113||INFO|LibraryMVC.Services.BookService|GetAll function was invoked! 
2022-11-04 09:16:42.2409||INFO|LibraryMVC.Services.BookService|GetAll function was invoked! 
2022-11-04 09:18:36.9485||INFO|LibraryMVC.Services.BookService|GetAll function was invoked! 
2022-11-04 09:24:20.2286||INFO|LibraryMVC.Services.BookService|GetAll function was invoked! 
2022-11-04 09:24:26.6908||INFO|LibraryMVC.Services.BookService|GetAll function was invoked! 
2022-11-04 09:37:54.1509||INFO|LibraryMVC.Services.BookService|GetAll function was invoked! 
2022-11-04 09:37:57.8715||INFO|LibraryMVC.Services.BookService|GetAll function was invoked! 
2022-11-04 09:45:38.3755||INFO|LibraryMVC.Services.BookService|GetAll function was invoked! 
2022-11-04 09:45:41.0537||INFO|LibraryMVC.Services.BookService|GetAll function was invoked! 
2022-11-04 09:46:13.2564||INFO|LibraryMVC.Services.BookService|GetAll function was invoked! 
2022-11-04 09:47:44.6576||INFO|LibraryMVC.Services.BookService|GetAll function was invoked! 
2022-11-04 09:48:08.8864||INFO|LibraryMVC.Services.BookService|GetAll function was invoked! 
2022-11-04 09:48:37.4527||INFO|LibraryMVC.Services.BookService|GetAll function was invoked! 
2022-11-04 09:48:52.0805||INFO|LibraryMVC.Services.BookService|GetBookDtoById function was invoked! 
2022-11-04 09:49:12.7699||INFO|LibraryMVC.Services.BookService|GetAll function was invoked! 
2022-11-04 09:49:13.7380||INFO|LibraryMVC.Services.BookService|GetBookDtoById function was invoked! 
2022-11-04 09:49:34.4113||INFO|LibraryMVC.Services.BookService|GetAll function was invoked! 
2022-11-04 09:49:36.2188||INFO|LibraryMVC.Services.BookService|GetAll function was invoked! 
2022-11-04 09:49:52.3676||INFO|LibraryMVC.Services.BookService|SelectListItem function was invoked! 
2022-11-04 09:49:52.3925||INFO|LibraryMVC.Services.BookService|GetBookDtoByIdEdit function was invoked! 
2022-11-04 09:49:55.2118||INFO|LibraryMVC.Services.BookService|SelectListItem function was invoked! 
2022-11-04 09:49:55.2118||INFO|LibraryMVC.Services.BookService|GetBookDtoByIdEdit function was invoked! 
2022-11-04 10:11:00.0246||INFO|LibraryMVC.Services.BookService|GetAll function was invoked! 
2022-11-04 10:11:18.2504||INFO|LibraryMVC.Services.BookService|GetAll function was invoked! 
2022-11-04 10:12:38.4249||INFO|LibraryMVC.Services.BookService|GetAll function was invoked! 
2022-11-04 10:12:57.3855||INFO|LibraryMVC.Services.BookService|GetAll function was invoked! 
2022-11-04 10:13:54.1062||INFO|LibraryMVC.Services.BookService|GetAll function was invoked! 
2022-11-04 10:13:57.8260||INFO|LibraryMVC.Services.BookService|GetAll function was invoked! 
2022-11-04 10:31:59.8041||INFO|LibraryMVC.Services.BookService|GetAll function was invoked! 
2022-11-04 10:32:17.1627||INFO|LibraryMVC.Services.BookService|GetAll function was invoked! 
2022-11-04 10:32:21.6029||INFO|LibraryMVC.Services.BookService|SelectListItem function was invoked! 
2022-11-04 10:32:23.6145||INFO|LibraryMVC.Services.BookService|GetAll function was invoked! 
2022-11-04 10:32:30.6636||INFO|LibraryMVC.Services.BookService|GetAll function was invoked! 
2022-11-04 10:32:43.1301||INFO|LibraryMVC.Services.BookService|GetAll function was invoked! 
2022-11-04 10:32:45.2464||INFO|LibraryMVC.Services.BookService|GetBookDtoById function was invoked! 
2022-11-04 10:32:51.0547||INFO|LibraryMVC.Services.BookService|GetBookDtoById function was invoked! 
2022-11-04 10:34:04.7771||INFO|LibraryMVC.Services.BookService|GetAll function was invoked! 
2022-11-04 10:34:09.6868||INFO|LibraryMVC.Services.BookService|GetBookDtoById function was invoked! 
2022-11-04 10:34:12.4179||INFO|LibraryMVC.Services.BookService|GetAll function was invoked! 
2022-11-04 10:34:15.0507||INFO|LibraryMVC.Services.BookService|GetBookDtoById function was invoked! 
2022-11-04 10:34:19.0558||INFO|LibraryMVC.Services.BookService|GetAll function was invoked! 
2022-11-04 10:34:23.5057||INFO|LibraryMVC.Services.BookService|GetBookDtoById function was invoked! 
2022-11-04 10:34:25.6004||INFO|LibraryMVC.Services.BookService|GetAll function was invoked! 
2022-11-04 10:34:29.6547||INFO|LibraryMVC.Services.BookService|GetAll function was invoked! 
2022-11-04 10:34:41.5461||INFO|LibraryMVC.Services.BookService|GetAll function was invoked! 
2022-11-04 10:35:11.5035||INFO|LibraryMVC.Services.BookService|GetBookDtoById function was invoked! 
2022-11-04 10:35:13.1768||INFO|LibraryMVC.Services.BookService|Delete function was invoked! 
2022-11-04 10:35:13.3326||INFO|LibraryMVC.Services.BookService|GetAll function was invoked! 
2022-11-04 10:35:15.4642||INFO|LibraryMVC.Services.BookService|SelectListItem function was invoked! 
2022-11-04 10:35:35.7488||INFO|LibraryMVC.Services.BookService|SelectListItem function was invoked! 
2022-11-04 10:35:35.7488||INFO|LibraryMVC.Services.BookService|Add function was invoked! 
2022-11-04 10:35:35.8493||INFO|LibraryMVC.Services.BookService|GetAll function was invoked! 
2022-11-04 10:35:37.7196||INFO|LibraryMVC.Services.BookService|GetBookDtoById function was invoked! 
2022-11-04 10:35:42.0391||INFO|LibraryMVC.Services.BookService|GetAll function was invoked! 
2022-11-04 10:35:54.7747||INFO|LibraryMVC.Services.BookService|GetAll function was invoked! 
2022-11-04 10:40:19.4613||INFO|LibraryMVC.Services.BookService|GetAll function was invoked! 
2022-11-04 10:40:32.1951||INFO|LibraryMVC.Services.BookService|GetAll function was invoked! 
2022-11-04 14:06:31.9006||INFO|LibraryMVC.Services.BookService|GetAll function was invoked! 
